<?xml version="1.0" encoding="UTF-8"?>
<!-- Generated by org.testng.reporters.JUnitReportReporter -->
<testsuite hostname="Chandani" name="unitTestCases.TestConfigDataProvider" tests="1" failures="0" timestamp="31 Mar 2019 04:16:17 GMT" time="0.003" errors="0">
  <testcase name="testConfig" time="0.003" classname="unitTestCases.TestConfigDataProvider"/>
</testsuite> <!-- unitTestCases.TestConfigDataProvider -->
