<?xml version="1.0" encoding="UTF-8"?>
<!-- Generated by org.testng.reporters.JUnitReportReporter -->
<testsuite hostname="Chandani" name="unitTestCases.TestBrowserFactory" tests="3" failures="0" timestamp="31 Mar 2019 04:16:17 GMT" time="19.159" errors="0">
  <testcase name="testChromeBrowser" time="5.350" classname="unitTestCases.TestBrowserFactory"/>
  <testcase name="testFirefoxBrowser" time="11.347" classname="unitTestCases.TestBrowserFactory"/>
  <testcase name="testIEBrowser" time="2.462" classname="unitTestCases.TestBrowserFactory"/>
</testsuite> <!-- unitTestCases.TestBrowserFactory -->
