<?xml version="1.0" encoding="UTF-8"?>
<!-- Generated by org.testng.reporters.JUnitReportReporter -->
<testsuite hostname="Chandani" name="testcases.LoginTestCRMPro" tests="1" failures="0" timestamp="20 Apr 2019 04:16:28 GMT" time="10.134" errors="0">
  <testcase name="loginAsAdmin" time="10.134" classname="testcases.LoginTestCRMPro"/>
</testsuite> <!-- testcases.LoginTestCRMPro -->
