<?xml version="1.0" encoding="UTF-8"?>
<!-- Generated by org.testng.reporters.JUnitReportReporter -->
<testsuite hostname="Chandani" name="testcases.DemoTest" tests="2" failures="0" timestamp="31 Mar 2019 05:02:38 GMT" time="10.341" errors="0">
  <testcase name="test1" time="2.858" classname="testcases.DemoTest"/>
  <testcase name="test2" time="7.483" classname="testcases.DemoTest"/>
</testsuite> <!-- testcases.DemoTest -->
