<?xml version="1.0" encoding="UTF-8"?>
<!-- Generated by org.testng.reporters.JUnitReportReporter -->
<testsuite hostname="Chandani" name="unitTestCases.TestExcelDataProvider" tests="1" failures="0" timestamp="31 Mar 2019 04:16:17 GMT" time="1.072" errors="0">
  <testcase name="testExcel" time="1.072" classname="unitTestCases.TestExcelDataProvider"/>
</testsuite> <!-- unitTestCases.TestExcelDataProvider -->
