<?xml version="1.0" encoding="UTF-8"?>
<!-- Generated by org.testng.reporters.JUnitReportReporter -->
<testsuite hostname="Chandani" name="sampleTest.CreateReport" tests="1" failures="0" timestamp="31 Mar 2019 04:46:52 GMT" time="21.274" errors="0">
  <testcase name="test1" time="21.274" classname="sampleTest.CreateReport"/>
</testsuite> <!-- sampleTest.CreateReport -->
